{"/Users/stalinchristopherdsouza/Documents/ct-react-native-projects/TestSlack/src/query/queryClient.ts": {"path":"/Users/stalinchristopherdsouza/Documents/ct-react-native-projects/TestSlack/src/query/queryClient.ts","statementMap":{"0":{"start":{"line":3,"column":27},"end":{"line":14,"column":2}}},"fnMap":{},"branchMap":{},"s":{"0":1},"f":{},"b":{},"_coverageSchema":"1a1c01bbd47fc00a2c39e90264f33305004495a9","hash":"9179b71349eab611b0307bc31a76d4446c3591a7"}
,"/Users/stalinchristopherdsouza/Documents/ct-react-native-projects/TestSlack/src/theme/AppColors.ts": {"path":"/Users/stalinchristopherdsouza/Documents/ct-react-native-projects/TestSlack/src/theme/AppColors.ts","statementMap":{},"fnMap":{},"branchMap":{},"s":{},"f":{},"b":{}}
,"/Users/stalinchristopherdsouza/Documents/ct-react-native-projects/TestSlack/src/third-party/i18n/getDeviceLanguageTag.ts": {"path":"/Users/stalinchristopherdsouza/Documents/ct-react-native-projects/TestSlack/src/third-party/i18n/getDeviceLanguageTag.ts","statementMap":{"0":{"start":{"line":4,"column":15},"end":{"line":4,"column":27}},"1":{"start":{"line":5,"column":2},"end":{"line":5,"column":38}}},"fnMap":{"0":{"name":"getDeviceLanguageTag","decl":{"start":{"line":3,"column":16},"end":{"line":3,"column":36}},"loc":{"start":{"line":3,"column":47},"end":{"line":6,"column":1}},"line":3}},"branchMap":{"0":{"loc":{"start":{"line":5,"column":9},"end":{"line":5,"column":37}},"type":"binary-expr","locations":[{"start":{"line":5,"column":9},"end":{"line":5,"column":29}},{"start":{"line":5,"column":33},"end":{"line":5,"column":37}}],"line":5}},"s":{"0":1,"1":1},"f":{"0":1},"b":{"0":[1,0]},"_coverageSchema":"1a1c01bbd47fc00a2c39e90264f33305004495a9","hash":"b747685bded2f4486075a252217a5807f0df4aae"}
,"/Users/stalinchristopherdsouza/Documents/ct-react-native-projects/TestSlack/src/third-party/i18n/i18n.ts": {"path":"/Users/stalinchristopherdsouza/Documents/ct-react-native-projects/TestSlack/src/third-party/i18n/i18n.ts","statementMap":{"0":{"start":{"line":11,"column":0},"end":{"line":23,"column":3}},"1":{"start":{"line":25,"column":0},"end":{"line":25,"column":40}}},"fnMap":{},"branchMap":{},"s":{"0":1,"1":1},"f":{},"b":{},"_coverageSchema":"1a1c01bbd47fc00a2c39e90264f33305004495a9","hash":"42f571e03170c5266f58e1f1ba9d75ad9ac13b31"}
}
